  20220929_ktw_test2.cpp
D:\C-program\20220929\20220929_ktw_test2\20220929_ktw_test2\20220929_ktw_test2.cpp(14,9): error C2143: 구문 오류: ';'이(가) 'for' 앞에 없습니다.
D:\C-program\20220929\20220929_ktw_test2\20220929_ktw_test2\20220929_ktw_test2.cpp(14,42): error C2059: 구문 오류: ';'
D:\C-program\20220929\20220929_ktw_test2\20220929_ktw_test2\20220929_ktw_test2.cpp(26,5): error C2143: 구문 오류: ';'이(가) 'while' 앞에 없습니다.
D:\C-program\20220929\20220929_ktw_test2\20220929_ktw_test2\20220929_ktw_test2.cpp(42,16): warning C4778: 'printf' : 서식 문자열 '% \n'이(가) 종결되지 않았습니다.
D:\C-program\20220929\20220929_ktw_test2\20220929_ktw_test2\20220929_ktw_test2.cpp(42,55): warning C4474: 'printf' : 서식 문자열에 전달된 인수가 너무 많습니다.
D:\C-program\20220929\20220929_ktw_test2\20220929_ktw_test2\20220929_ktw_test2.cpp(42,55): message : 자리 표시자 및 해당 매개 변수에는 variadic 인수가 2개 필요하지만 3개가 제공되었습니다.
